Log file open, 04/20/15 08:05:14
LogInit:Display: Running engine for game: SpeedDemons
LogInit: Version: 4.6.0-2369412+++depot+UE4-Releases+4.6
LogInit: API Version: 2369412
LogInit: Compiled (64-bit): Nov 24 2014 21:54:04
LogInit: Compiled with Visual C++: 18.00.21005.01
LogInit: Build Configuration: Development
LogInit: Branch Name: ++depot+UE4-Releases+4.6
LogInit: Command line:  
LogInit: Base directory: C:/Program Files/Unreal Engine/4.6/Engine/Binaries/Win64/
LogInit: Rocket: 1
[2015.04.20-12.05.14:761][  0]LogTaskGraph: Started task graph with 3 named threads and 4 total threads.
[2015.04.20-12.05.14:791][  0]LogOnline:Warning: No default platform service specified for OnlineSubsystem
[2015.04.20-12.05.14:852][  0]LogInit: Presizing for 0 objects not considered by GC, pre-allocating 0 bytes.
[2015.04.20-12.05.14:863][  0]LogInit: Object subsystem initialized
[2015.04.20-12.05.14:872][  0]LogConsoleResponse:Warning: Skipping Unknown console variable: 'UIScaleRule = ShortestSide'
[2015.04.20-12.05.14:872][  0]LogConsoleResponse:Warning:   Found in ini file 'D:/Users/raf6382/Level Design/Racing Level/SpeedDemons/Saved/Config/Windows/Engine.ini', in section '[/Script/Engine.RendererSettings]'
[2015.04.20-12.05.14:872][  0]LogConsoleResponse:Warning: Skipping Unknown console variable: 'UIScaleCurve = (EditorCurveData=(Keys=),ExternalCurve=None)'
[2015.04.20-12.05.14:872][  0]LogConsoleResponse:Warning:   Found in ini file 'D:/Users/raf6382/Level Design/Racing Level/SpeedDemons/Saved/Config/Windows/Engine.ini', in section '[/Script/Engine.RendererSettings]'
[2015.04.20-12.05.14:874][  0]LogConsoleManager:Warning: Console variable 'r.MSAA.CompositingSampleCount' wasn't set (Priority ProjectSetting < Scalability)
[2015.04.20-12.05.14:875][  0]LogInit: Selected Device Profile: [Windows]
[2015.04.20-12.05.14:875][  0]LogInit: Applying CVar settings loaded from the selected device profile: [Windows]
[2015.04.20-12.05.14:884][  0]LogInit: Computer: GDD-20
[2015.04.20-12.05.14:884][  0]LogInit: User: raf6382
[2015.04.20-12.05.14:884][  0]LogInit: CPU Page size=4096, Cores=2
[2015.04.20-12.05.14:884][  0]LogInit: High frequency timer resolution =3.515621 MHz
[2015.04.20-12.05.14:884][  0]LogMemory: Memory total: Physical=16.0GB (16GB approx) Virtual=131072.0GB
[2015.04.20-12.05.14:885][  0]LogMemory: Platform Memory Stats for Windows
[2015.04.20-12.05.14:885][  0]LogMemory: Process Physical Memory: 48.08 MB used, 48.08 MB peak
[2015.04.20-12.05.14:885][  0]LogMemory: Process Virtual Memory: 23.99 MB used, 23.99 MB peak
[2015.04.20-12.05.14:885][  0]LogMemory: Physical Memory: 3287.03 MB used, 16336.19 MB total
[2015.04.20-12.05.14:885][  0]LogMemory: Virtual Memory: 269.25 MB used, 134217728.00 MB total
[2015.04.20-12.05.14:914][  0]LogD3D11RHI: Found D3D11 adapter 0: NVIDIA GeForce GTX 680 (Feature Level 11_0)
[2015.04.20-12.05.14:914][  0]LogD3D11RHI: Adapter has 1985MB of dedicated video memory, 0MB of dedicated system memory, and 2048MB of shared system memory, 2 output[s]
[2015.04.20-12.05.14:915][  0]LogD3D11RHI: Found D3D11 adapter 1: Microsoft Basic Render Driver (Feature Level 11_0)
[2015.04.20-12.05.14:915][  0]LogD3D11RHI: Adapter has 0MB of dedicated video memory, 0MB of dedicated system memory, and 256MB of shared system memory, 0 output[s]
[2015.04.20-12.05.14:915][  0]LogD3D11RHI: Chosen D3D11 Adapter Id = 0
[2015.04.20-12.05.14:918][  0]LogRHI: Texture pool is 1361 MB (70% of 1945 MB)
[2015.04.20-12.05.14:927][  0]LogD3D11RHI: Async texture creation enabled
[2015.04.20-12.05.15:205][  0]LogTextLocalizationManager: The requested culture ('en_US') has no localization data; parent culture's ('en') localization data will be used.
[2015.04.20-12.05.15:340][  0]LogContentStreaming: Texture pool size is 0.000000MB
[2015.04.20-12.05.21:557][  0]LogTargetPlatformManager:Display: Building Assets For Windows
[2015.04.20-12.05.22:342][  0]LogTargetPlatformManager:Display: Building Assets For Windows
[2015.04.20-12.05.22:404][  0]LogDerivedDataCache:Display: Max Cache Size: 512 MB
[2015.04.20-12.05.22:526][  0]LogDerivedDataCache: Loaded boot cache 0.12s 39MB D:/Users/raf6382/AppData/Local/UnrealEngine/4.6/DerivedDataCache/Boot.ddc.
[2015.04.20-12.05.22:526][  0]LogDerivedDataCache:Display: Loaded Boot cache: D:/Users/raf6382/AppData/Local/UnrealEngine/4.6/DerivedDataCache/Boot.ddc
[2015.04.20-12.05.22:526][  0]LogDerivedDataCache: FDerivedDataBackendGraph:  Pak pak cache file D:/Users/raf6382/Level Design/Racing Level/SpeedDemons/DerivedDataCache/DDC.ddp not found, will not use a pak cache.
[2015.04.20-12.05.22:526][  0]LogDerivedDataCache: Unable to find inner node Pak for hierarchical cache Hierarchy.
[2015.04.20-12.05.22:591][  0]LogDerivedDataCache:Display: Pak cache opened for reading ../../../Engine/DerivedDataCache/DDC.ddp.
[2015.04.20-12.05.22:603][  0]LogDerivedDataCache: Using Local data cache path D:/Users/raf6382/AppData/Local/UnrealEngine/Common/DerivedDataCache: Writable
[2015.04.20-12.05.24:493][  0]LogCollisionProfile:Warning: Profile (UI) - Custom Channel Name = 'Weapon' hasn't been found
[2015.04.20-12.05.24:705][  0]LogMeshUtilities: No automatic mesh reduction module available
[2015.04.20-12.05.24:705][  0]LogMeshUtilities: No automatic mesh merging module available
[2015.04.20-12.05.25:338][  0]LogInit: WinSock: version 1.1 (2.2), MaxSocks=32767, MaxUdp=65467
[2015.04.20-12.05.25:410][  0]LogSlate:Warning: Failed to load font data from '../../../Engine/Content/Slate/Fonts/Roboto-Italic.ttf'
[2015.04.20-12.05.27:619][  0]UdpMessaging: Initializing bridge on interface 0.0.0.0:0 to multicast group 230.0.0.1:6666.
[2015.04.20-12.05.27:814][  0]LogDirectoryWatcher:Warning: Failed to begin reading directory changes for D:/Users/raf6382/Level Design/Racing Level/SpeedDemons/Binaries/Win64. Error: 0
[2015.04.20-12.05.28:029][  0]SourceControl: Info Source control is disabled
[2015.04.20-12.05.28:029][  0]SourceControl: Info Source control is disabled
[2015.04.20-12.05.28:035][  0]SourceControl: Info Source control is disabled
[2015.04.20-12.05.28:194][  0]LogObj: 23754 objects as part of root set at end of initial load.
[2015.04.20-12.05.28:194][  0]LogUObjectAllocator: 5168136 out of 0 bytes used by permanent object pool.
[2015.04.20-12.05.28:266][  0]LogEngine: Initializing Engine...
[2015.04.20-12.05.28:478][  0]LogInit: XAudio2 using 'Realtek Digital Output (Realtek High Definition Audio)' : 2 channels at 48 kHz using 16 bits per sample (channel mask 0x3)
[2015.04.20-12.05.28:503][  0]LogInit: FAudioDevice initialized.
[2015.04.20-12.05.28:545][  0]LogAIModule: Creating AISystem for world NewWorld
[2015.04.20-12.05.28:564][  0]LogDerivedDataCache: Saved boot cache 0.02s 39MB D:/Users/raf6382/AppData/Local/UnrealEngine/4.6/DerivedDataCache/Boot.ddc.
[2015.04.20-12.05.28:570][  0]LogInit: Texture streaming: Enabled
[2015.04.20-12.05.28:595][  0]LogAnalytics: Creating configured Analytics provider AnalyticsET
[2015.04.20-12.05.28:595][  0]LogAnalytics: ET APIKey = Rocket.Release. APIServer = http://et2.epicgames.com/ET2/. AppVersion = 4.6.0-2369412+++depot+UE4-Releases+4.6
[2015.04.20-12.05.28:596][  0]LogAnalytics: SetUserId 020a529503620bfffa191a23f388156d
[2015.04.20-12.05.28:596][  0]LogAnalytics: AnalyticsET::StartSession [Rocket.Release]
[2015.04.20-12.05.28:613][  0]LogInit: Transaction tracking system initialized
[2015.04.20-12.05.28:715][  0]BlueprintLog: New page: Editor Load
[2015.04.20-12.05.28:753][  0]LogAssetRegistry: FAssetRegistry took 0.0123 seconds to start up
[2015.04.20-12.05.28:753][  0]LogDirectoryWatcher:Warning: Failed to begin reading directory changes for ../../../Engine/Plugins/Experimental/CharacterAI/Content/. Error: 0
[2015.04.20-12.05.29:542][  0]LogTargetPlatformManager:Display: Building Assets For Windows
[2015.04.20-12.05.30:114][  0]LogTargetPlatformManager:Display: Building Assets For Windows
[2015.04.20-12.05.30:321][  0]LogConsoleResponse:Display: 
[2015.04.20-12.05.30:413][  0]LogLinker:Warning: Asset '../../../Engine/Content/Functions/Engine_MaterialFunctions03/Procedurals/ComputeFilterWidth.uasset' has been saved with empty engine version. The asset will be loaded but may be incompatible.
[2015.04.20-12.05.30:682][  0]SourceControl: Info Source control is disabled
[2015.04.20-12.05.30:684][  0]Cmd: MAP LOAD FILE="D:/Users/raf6382/Level Design/Racing Level/SpeedDemons/Content/Maps/Example_Map.umap" TEMPLATE=0 SHOWPROGRESS=1
[2015.04.20-12.05.30:684][  0]LightingResults: New page: Lighting Build
[2015.04.20-12.05.30:696][  0]MapCheck: New page: Map Check
[2015.04.20-12.05.30:696][  0]LightingResults: New page: Lighting Build
[2015.04.20-12.05.30:711][  0]LogParticles: Destroying 0 GPU particle simulations for FXSystem 0x000000CE0B1D1940
[2015.04.20-12.05.32:049][  0]LogEditorServer: Finished looking for orphan Actors (0.000 secs)
[2015.04.20-12.05.32:050][  0]LogAIModule: Creating AISystem for world example_map
[2015.04.20-12.05.32:051][  0]Cmd: MAP CHECKDEP
[2015.04.20-12.05.32:051][  0]MapCheck: New page: Example_Map - Apr 20, 2015, 4:05:32 AM
[2015.04.20-12.05.32:146][  0]MapCheck: Info Map check complete: 0 Error(s), 0 Warning(s), took 95.35ms to complete.
[2015.04.20-12.05.32:146][  0]LogFileHelpers: Loading map 'Example_Map' took 1.463
[2015.04.20-12.05.32:271][  0]LogCollectionManager: Loaded 0 collections in 0.000856 seconds
[2015.04.20-12.05.32:297][  0]LogContentBrowser:Verbose: The content browser source was changed by the sources view to '/Game'
[2015.04.20-12.05.32:415][  0]LogCrashTracker: Crashtracker disabled due to settings.
[2015.04.20-12.05.32:441][  0]LogUObjectGlobals:Warning: Failed to find object 'Class None.'
[2015.04.20-12.05.32:466][  0]LogLoad: Full Startup: 20.49 seconds (BP compile: 0.17 seconds)
[2015.04.20-12.05.32:945][  0]LogRenderer:Warning: Reallocating scene render targets to support 1136x904.
[2015.04.20-12.05.33:061][  1]Cmd: UpdateLandscapeEditorData -warnings
[2015.04.20-12.05.33:062][  1]Cmd: UpdateLandscapeEditorData
[2015.04.20-12.05.33:480][  2]LogAssetRegistry: Asset discovery search completed in 4.7403 seconds
[2015.04.20-12.05.45:662][873]LogMaterial: Missing cached shader map for material Landscape, compiling.
[2015.04.20-12.05.45:755][873]LogMaterial: Incomplete cached shader map for material Landscape, compiling.
[2015.04.20-12.05.45:809][873]LogMaterial: 0.054533 seconds spent updating 1 materials, 1 interfaces, 1 instances, 1 with static permutations.
[2015.04.20-12.05.45:818][873]LogMaterial: Missing cached shader map for material Landscape, compiling.
[2015.04.20-12.05.45:871][873]LogMaterial: Incomplete cached shader map for material Landscape, compiling.
[2015.04.20-12.05.45:931][873]LogMaterial: 0.060418 seconds spent updating 1 materials, 1 interfaces, 1 instances, 1 with static permutations.
[2015.04.20-12.05.45:932][873]LogTexture:Display: Building textures: Texture2D_2 (G8)
[2015.04.20-12.05.57:883][821]LogPropertyNode:Warning: UI Min (0.001) >= UI Max () for Ranged Numeric
[2015.04.20-12.06.47:559][647]LogEditorViewport: Clicking on Actor (LMB): BP_Sky_Sphere_C (SkyShereBlueprint)
[2015.04.20-12.07.05:709][325]Cmd: OBJ SAVEPACKAGE PACKAGE="/Game/Maps/Example_Map" FILE="D:/Users/raf6382/Level Design/Racing Level/SpeedDemons/Content/Maps/Example_Map.umap" SILENT=true AUTOSAVING=false KEEPDIRTY=false
[2015.04.20-12.07.07:858][325]LogSavePackage: Save=2041.528931ms
[2015.04.20-12.07.07:858][325]LogSavePackage: Moving 'D:/Users/raf6382/Level Design/Racing Level/SpeedDemons/Saved/Example_Map54EE4D494E4C33FAC30962BD95D972EC.tmp' to 'D:/Users/raf6382/Level Design/Racing Level/SpeedDemons/Content/Maps/Example_Map.umap'
[2015.04.20-12.07.07:886][325]LogFileHelpers: Saving map 'Example_Map' took 2.328
[2015.04.20-12.07.07:891][325]Cmd: MAP LOAD FILE="../../../Engine/Content/Maps/Templates/Template_Default.umap" TEMPLATE=1 SHOWPROGRESS=1
[2015.04.20-12.07.07:931][325]LightingResults: New page: Lighting Build
[2015.04.20-12.07.07:963][325]LoadErrors: New page: Loading map: Template_Default.umap
[2015.04.20-12.07.07:965][325]MapCheck: New page: Map Check
[2015.04.20-12.07.07:965][325]LightingResults: New page: Lighting Build
[2015.04.20-12.07.07:998][325]LogParticles: Destroying 0 GPU particle simulations for FXSystem 0x000000CE0243AB60
[2015.04.20-12.07.08:104][325]LogEditorServer: Finished looking for orphan Actors (0.000 secs)
[2015.04.20-12.07.08:104][325]LogAIModule: Creating AISystem for world Untitled_1
[2015.04.20-12.07.08:117][325]Cmd: MAP CHECKDEP
[2015.04.20-12.07.08:117][325]MapCheck: New page: Untitled_1 - Apr 20, 2015, 4:07:08 AM
[2015.04.20-12.07.08:260][325]MapCheck: Info Map check complete: 0 Error(s), 0 Warning(s), took 142.642ms to complete.
[2015.04.20-12.07.08:260][325]LogFileHelpers: Loading map 'Template_Default' took 0.370
[2015.04.20-12.07.08:286][326]Cmd: UpdateLandscapeEditorData
[2015.04.20-12.07.14:203][808]LogTexture:Display: Building textures: Texture2D_3 (G8)
[2015.04.20-12.07.35:761][476]LogEditorViewport: Clicking on Actor (LMB): BP_Sky_Sphere_C (BP_Sky_Shere)
[2015.04.20-12.07.45:097][536]LogTexture:Display: Building textures: Texture2D_4 (BGRA8)
[2015.04.20-12.07.45:169][537]Cmd: UpdateLandscapeEditorData
[2015.04.20-12.09.18:302][356]LogActorComponent: UnregisterComponent: (/Engine/Transient.StaticMeshComponent_4) Not registered. Aborting.
[2015.04.20-12.09.18:302][356]Cmd: MAP LOAD FILE="D:/Users/raf6382/Level Design/Racing Level/SpeedDemons/Content/Maps/Example_Map.umap" TEMPLATE=0 SHOWPROGRESS=1
[2015.04.20-12.09.18:336][356]LightingResults: New page: Lighting Build
[2015.04.20-12.09.18:360][356]LoadErrors: New page: Loading map: Example_Map.umap
[2015.04.20-12.09.18:365][356]MapCheck: New page: Map Check
[2015.04.20-12.09.18:365][356]LightingResults: New page: Lighting Build
[2015.04.20-12.09.18:384][356]LogParticles: Destroying 0 GPU particle simulations for FXSystem 0x000000CE18C8E340
[2015.04.20-12.09.18:547][356]LogEditorServer: Finished looking for orphan Actors (0.000 secs)
[2015.04.20-12.09.18:547][356]LogAIModule: Creating AISystem for world example_map
[2015.04.20-12.09.18:568][356]Cmd: MAP CHECKDEP
[2015.04.20-12.09.18:568][356]MapCheck: New page: Example_Map - Apr 20, 2015, 4:09:18 AM
[2015.04.20-12.09.18:675][356]MapCheck: Info Map check complete: 0 Error(s), 0 Warning(s), took 107.227ms to complete.
[2015.04.20-12.09.18:675][356]LogFileHelpers: Loading map 'Example_Map' took 0.377
[2015.04.20-12.09.18:711][357]Cmd: UpdateLandscapeEditorData
[2015.04.20-12.09.18:711][357]Cmd: UpdateLandscapeEditorData -warnings
[2015.04.20-12.09.38:153][530]Cmd: CAMERA ALIGN ACTIVEVIEWPORTONLY
[2015.04.20-12.09.38:153][530]Aligned camera to fit all selected actors.
[2015.04.20-12.09.43:845][ 23]LogPlayLevel: PIE:  No blueprints needed recompiling
[2015.04.20-12.09.43:845][ 23]PIE: New page: PIE session: Example_Map (Apr 20, 2015, 4:09:43 AM)
[2015.04.20-12.09.43:875][ 23]LogPlayLevel: PIE: StaticDuplicateObject took: (0.029582s)
[2015.04.20-12.09.43:876][ 23]LogPlayLevel: PIE: World Init took: (0.000625s)
[2015.04.20-12.09.43:876][ 23]LogPlayLevel: PIE: Created PIE world by copying editor world from /Game/Maps/Example_Map.example_map to /Game/Maps/UEDPIE_0_Example_Map.example_map (0.030413s)
[2015.04.20-12.09.43:923][ 23]LogWorld: Game class is 'VehicleAdvGameMode_C'
[2015.04.20-12.09.43:928][ 23]LogAIModule: Creating AISystem for world example_map
[2015.04.20-12.09.43:933][ 23]LogWorld: Bringing World /Game/Maps/UEDPIE_0_Example_Map.example_map up for play (max tick rate 0) at 2015.04.20-08.09.43
[2015.04.20-12.09.43:937][ 23]LogWorld: Bringing up level for play took: 0.007697
[2015.04.20-12.09.43:948][ 23]PIE: Info Play in editor start time for /Game/Maps/UEDPIE_0_Example_Map 0.65
[2015.04.20-12.10.18:029][471]LogParticles: Destroying 0 GPU particle simulations for FXSystem 0x000000CE01691440
[2015.04.20-12.10.19:223][590]LogPlayLevel: PIE:  No blueprints needed recompiling
[2015.04.20-12.10.19:224][590]PIE: New page: PIE session: Example_Map (Apr 20, 2015, 4:10:19 AM)
[2015.04.20-12.10.19:253][590]LogPlayLevel: PIE: StaticDuplicateObject took: (0.029354s)
[2015.04.20-12.10.19:254][590]LogPlayLevel: PIE: World Init took: (0.000680s)
[2015.04.20-12.10.19:254][590]LogPlayLevel: PIE: Created PIE world by copying editor world from /Game/Maps/Example_Map.example_map to /Game/Maps/UEDPIE_0_Example_Map.example_map (0.030220s)
[2015.04.20-12.10.19:283][590]LogWorld: Game class is 'VehicleAdvGameMode_C'
[2015.04.20-12.10.19:285][590]LogAIModule: Creating AISystem for world example_map
[2015.04.20-12.10.19:293][590]LogWorld: Bringing World /Game/Maps/UEDPIE_0_Example_Map.example_map up for play (max tick rate 0) at 2015.04.20-08.10.19
[2015.04.20-12.10.19:294][590]LogWorld: Bringing up level for play took: 0.009034
[2015.04.20-12.10.19:296][590]PIE: Info Play in editor start time for /Game/Maps/UEDPIE_0_Example_Map -0.002
[2015.04.20-12.11.14:680][701]LogParticles: Destroying 0 GPU particle simulations for FXSystem 0x000000CE0174D620
[2015.04.20-12.11.18:274][ 68]LogEditorViewport: Clicking on Actor (LMB): Landscape (Landscape)
[2015.04.20-12.12.53:147][944]LogContentBrowser:Verbose: The content browser source was changed by the sources view to '/Game/Vehicle'
[2015.04.20-12.12.53:187][945]LogLinker:Warning: Can't find file '/Game/Vehicle/Vehicle_SkelMesh'
[2015.04.20-12.12.53:188][945]LogLinker:Warning: Can't find file '/Game/Vehicle/Vehicle_SkelMesh'
[2015.04.20-12.12.53:188][945]LogUObjectGlobals:Warning: Failed to find object 'SkeletalMesh /Game/Vehicle/Vehicle_SkelMesh.Vehicle_SkelMesh'
[2015.04.20-12.20.46:578][857]LogActorComponent: UnregisterComponent: (/Engine/Transient.WheeledVehicleMovementComponent4W_0) Not registered. Aborting.
[2015.04.20-12.20.46:603][857]LogFileHelpers: Editor autosave (incl. sublevels) for '/Game/Maps/Example_Map' took 0.025
[2015.04.20-12.21.49:181][130]LogActorComponent: UnregisterComponent: (/Engine/Transient.WheeledVehicleMovementComponent4W_1) Not registered. Aborting.
[2015.04.20-12.21.49:605][131]Cmd: QUIT_EDITOR
[2015.04.20-12.21.49:918][131]LogExit: Preparing to exit.
[2015.04.20-12.21.50:298][131]LogExit: Editor shut down
[2015.04.20-12.21.50:298][131]LogExit: Transaction tracking system shut down
[2015.04.20-12.21.50:299][131]LogParticles: Destroying 0 GPU particle simulations for FXSystem 0x000000CE01693100
[2015.04.20-12.21.50:299][131]LogParticles: Destroying 0 GPU particle simulations for FXSystem 0x000000CE1213ADE0
[2015.04.20-12.21.50:300][131]LogParticles: Destroying 0 GPU particle simulations for FXSystem 0x000000CE19AF2DE0
[2015.04.20-12.21.50:300][131]LogParticles: Destroying 0 GPU particle simulations for FXSystem 0x000000CE031E3A60
[2015.04.20-12.21.50:301][131]LogParticles: Destroying 0 GPU particle simulations for FXSystem 0x000000CE19A9E8E0
[2015.04.20-12.21.50:329][131]LogParticles: Destroying 0 GPU particle simulations for FXSystem 0x000000CE19A9E520
[2015.04.20-12.21.50:329][131]LogExit: Object subsystem successfully closed.
[2015.04.20-12.21.50:382][131]LogModuleManager: Shutting down and abandoning module NewLevelDialog (173)
[2015.04.20-12.21.50:382][131]LogModuleManager: Shutting down and abandoning module AndroidDeviceDetection (172)
[2015.04.20-12.21.50:382][131]LogModuleManager: Shutting down and abandoning module CrashTracker (171)
[2015.04.20-12.21.50:382][131]LogModuleManager: Shutting down and abandoning module SuperSearch (170)
[2015.04.20-12.21.50:382][131]LogModuleManager: Shutting down and abandoning module SceneOutliner (169)
[2015.04.20-12.21.50:382][131]LogModuleManager: Shutting down and abandoning module EditorWidgets (168)
[2015.04.20-12.21.50:382][131]LogModuleManager: Shutting down and abandoning module CollectionManager (167)
[2015.04.20-12.21.50:382][131]LogModuleManager: Shutting down and abandoning module StatsViewer (166)
[2015.04.20-12.21.50:383][131]LogModuleManager: Shutting down and abandoning module FoliageEdit (165)
[2015.04.20-12.21.50:383][131]LogModuleManager: Shutting down and abandoning module LandscapeEditor (164)
[2015.04.20-12.21.50:383][131]LogModuleManager: Shutting down and abandoning module MeshPaint (163)
[2015.04.20-12.21.50:383][131]LogModuleManager: Shutting down and abandoning module ActorPickerMode (162)
[2015.04.20-12.21.50:383][131]LogModuleManager: Shutting down and abandoning module GeometryMode (161)
[2015.04.20-12.21.50:383][131]LogModuleManager: Shutting down and abandoning module TextureAlignMode (160)
[2015.04.20-12.21.50:383][131]LogModuleManager: Shutting down and abandoning module BspMode (159)
[2015.04.20-12.21.50:383][131]LogModuleManager: Shutting down and abandoning module PlacementMode (158)
[2015.04.20-12.21.50:383][131]LogModuleManager: Shutting down and abandoning module AutomationWorker (157)
[2015.04.20-12.21.50:383][131]LogModuleManager: Shutting down and abandoning module CharacterAI (156)
[2015.04.20-12.21.50:383][131]LogModuleManager: Shutting down and abandoning module GameProjectGeneration (155)
[2015.04.20-12.21.50:383][131]LogModuleManager: Shutting down and abandoning module IntroTutorials (154)
[2015.04.20-12.21.50:383][131]LogModuleManager: Shutting down and abandoning module EditorLiveStreaming (153)
[2015.04.20-12.21.50:383][131]LogModuleManager: Shutting down and abandoning module HardwareTargeting (152)
[2015.04.20-12.21.50:383][131]LogModuleManager: Shutting down and abandoning module DeviceProfileEditor (151)
[2015.04.20-12.21.50:383][131]LogModuleManager: Shutting down and abandoning module UndoHistory (150)
[2015.04.20-12.21.50:383][131]LogModuleManager: Shutting down and abandoning module GameplayTagsEditor (149)
[2015.04.20-12.21.50:383][131]LogModuleManager: Shutting down and abandoning module UserFeedback (148)
[2015.04.20-12.21.50:383][131]LogModuleManager: Shutting down and abandoning module XmlParser (147)
[2015.04.20-12.21.50:383][131]LogModuleManager: Shutting down and abandoning module Blutility (146)
[2015.04.20-12.21.50:383][131]LogModuleManager: Shutting down and abandoning module IOSPlatformEditor (145)
[2015.04.20-12.21.50:383][131]LogModuleManager: Shutting down and abandoning module IOSRuntimeSettings (144)
[2015.04.20-12.21.50:383][131]LogModuleManager: Shutting down and abandoning module AndroidPlatformEditor (143)
[2015.04.20-12.21.50:383][131]LogModuleManager: Shutting down and abandoning module AndroidRuntimeSettings (142)
[2015.04.20-12.21.50:383][131]LogModuleManager: Shutting down and abandoning module ProjectTargetPlatformEditor (141)
[2015.04.20-12.21.50:384][131]LogModuleManager: Shutting down and abandoning module ProjectSettingsViewer (140)
[2015.04.20-12.21.50:384][131]LogModuleManager: Shutting down and abandoning module InputBindingEditor (139)
[2015.04.20-12.21.50:384][131]LogModuleManager: Shutting down and abandoning module EditorSettingsViewer (138)
[2015.04.20-12.21.50:384][131]LogModuleManager: Shutting down and abandoning module SettingsEditor (137)
[2015.04.20-12.21.50:384][131]LogModuleManager: Shutting down and abandoning module ProjectLauncher (136)
[2015.04.20-12.21.50:384][131]LogModuleManager: Shutting down and abandoning module SessionFrontend (135)
[2015.04.20-12.21.50:384][131]LogModuleManager: Shutting down and abandoning module ProfilerClient (134)
[2015.04.20-12.21.50:384][131]LogModuleManager: Shutting down and abandoning module TargetDeviceServices (133)
[2015.04.20-12.21.50:384][131]LogModuleManager: Shutting down and abandoning module DeviceManager (132)
[2015.04.20-12.21.50:384][131]LogModuleManager: Shutting down and abandoning module AutomationController (131)
[2015.04.20-12.21.50:385][131]LogModuleManager: Shutting down and abandoning module AutomationWindow (130)
[2015.04.20-12.21.50:385][131]LogModuleManager: Shutting down and abandoning module Layers (129)
[2015.04.20-12.21.50:386][131]LogModuleManager: Shutting down and abandoning module ComponentVisualizers (128)
[2015.04.20-12.21.50:386][131]LogModuleManager: Shutting down and abandoning module DetailCustomizations (127)
[2015.04.20-12.21.50:386][131]LogModuleManager: Shutting down and abandoning module PackagesDialog (126)
[2015.04.20-12.21.50:386][131]LogModuleManager: Shutting down and abandoning module AssetRegistry (125)
[2015.04.20-12.21.50:428][131]LogModuleManager: Shutting down and abandoning module Persona (124)
[2015.04.20-12.21.50:428][131]LogModuleManager: Shutting down and abandoning module Kismet (123)
[2015.04.20-12.21.50:429][131]LogModuleManager: Shutting down and abandoning module GraphEditor (122)
[2015.04.20-12.21.50:429][131]LogModuleManager: Shutting down and abandoning module ClassViewer (121)
[2015.04.20-12.21.50:429][131]LogModuleManager: Shutting down and abandoning module Toolbox (120)
[2015.04.20-12.21.50:429][131]LogModuleManager: Shutting down and abandoning module ModuleUI (119)
[2015.04.20-12.21.50:430][131]LogModuleManager: Shutting down and abandoning module MovieSceneTools (118)
[2015.04.20-12.21.50:430][131]LogModuleManager: Shutting down and abandoning module OutputLog (117)
[2015.04.20-12.21.50:430][131]LogModuleManager: Shutting down and abandoning module GammaUI (116)
[2015.04.20-12.21.50:431][131]LogModuleManager: Shutting down and abandoning module Documentation (115)
[2015.04.20-12.21.50:431][131]LogModuleManager: Shutting down and abandoning module GameLiveStreaming (114)
[2015.04.20-12.21.50:431][131]LogModuleManager: Shutting down and abandoning module StreamingPauseRendering (113)
[2015.04.20-12.21.50:431][131]LogModuleManager: Shutting down and abandoning module HTTP (112)
[2015.04.20-12.21.50:431][131]LogModuleManager: Shutting down and abandoning module AnalyticsET (111)
[2015.04.20-12.21.50:431][131]LogModuleManager: Shutting down and abandoning module Analytics (110)
[2015.04.20-12.21.50:431][131]LogModuleManager: Shutting down and abandoning module AITestSuite (109)
[2015.04.20-12.21.50:431][131]LogModuleManager: Shutting down and abandoning module AIModule (108)
[2015.04.20-12.21.50:431][131]LogModuleManager: Shutting down and abandoning module ProfilerService (107)
[2015.04.20-12.21.50:434][131]LogModuleManager: Shutting down and abandoning module TaskGraph (106)
[2015.04.20-12.21.50:434][131]LogModuleManager: Shutting down and abandoning module GameplayDebugger (105)
[2015.04.20-12.21.50:434][131]LogModuleManager: Shutting down and abandoning module SlateRemote (104)
[2015.04.20-12.21.50:434][131]LogModuleManager: Shutting down and abandoning module ScriptEditorPlugin (103)
[2015.04.20-12.21.50:434][131]LogModuleManager: Shutting down and abandoning module CustomMeshComponent (102)
[2015.04.20-12.21.50:434][131]LogModuleManager: Shutting down and abandoning module CableComponent (101)
[2015.04.20-12.21.50:434][131]LogModuleManager: Shutting down and abandoning module MessagingDebugger (100)
[2015.04.20-12.21.50:435][131]LogModuleManager: Shutting down and abandoning module MediaPlayerEditor (99)
[2015.04.20-12.21.50:436][131]LogModuleManager: Shutting down and abandoning module SpeedTreeImporter (98)
[2015.04.20-12.21.50:436][131]LogModuleManager: Shutting down and abandoning module PluginsEditor (97)
[2015.04.20-12.21.50:436][131]LogModuleManager: Shutting down and abandoning module EpicSurvey (96)
[2015.04.20-12.21.50:436][131]LogModuleManager: Shutting down and abandoning module DesktopPlatform (95)
[2015.04.20-12.21.50:436][131]LogModuleManager: Shutting down and abandoning module VisualStudioSourceCodeAccess (94)
[2015.04.20-12.21.50:436][131]LogModuleManager: Shutting down and abandoning module UObjectPlugin (93)
[2015.04.20-12.21.50:436][131]LogModuleManager: Shutting down and abandoning module SubversionSourceControl (92)
[2015.04.20-12.21.50:436][131]LogModuleManager: Shutting down and abandoning module SourceControl (91)
[2015.04.20-12.21.50:436][131]LogModuleManager: Shutting down and abandoning module PerforceSourceControl (90)
[2015.04.20-12.21.50:436][131]LogModuleManager: Shutting down and abandoning module BlankPlugin (89)
[2015.04.20-12.21.50:436][131]LogModuleManager: Shutting down and abandoning module SlateReflector (88)
[2015.04.20-12.21.50:436][131]LogModuleManager: Shutting down and abandoning module DirectoryWatcher (87)
[2015.04.20-12.21.50:436][131]LogModuleManager: Shutting down and abandoning module HotReload (86)
[2015.04.20-12.21.50:436][131]LogModuleManager: Shutting down and abandoning module MainFrame (85)
[2015.04.20-12.21.50:436][131]LogModuleManager: Shutting down and abandoning module LevelEditor (84)
[2015.04.20-12.21.50:437][131]LogModuleManager: Shutting down and abandoning module ViewportSnapping (83)
[2015.04.20-12.21.50:437][131]LogModuleManager: Shutting down and abandoning module SmartSnapping (82)
[2015.04.20-12.21.50:437][131]LogModuleManager: Shutting down and abandoning module PaperTiledImporter (81)
[2015.04.20-12.21.50:437][131]LogModuleManager: Shutting down and abandoning module PaperJsonImporter (80)
[2015.04.20-12.21.50:437][131]LogModuleManager: Shutting down and abandoning module ContentBrowser (79)
[2015.04.20-12.21.50:437][131]LogModuleManager: Shutting down and abandoning module Paper2DEditor (78)
[2015.04.20-12.21.50:437][131]LogModuleManager: Shutting down and abandoning module ScriptPlugin (77)
[2015.04.20-12.21.50:437][131]LogModuleManager: Shutting down and abandoning module UdpMessaging (76)
[2015.04.20-12.21.50:538][131]LogModuleManager: Shutting down and abandoning module Paper2D (75)
[2015.04.20-12.21.50:538][131]LogModuleManager: Shutting down and abandoning module UE4Game (74)
[2015.04.20-12.21.50:538][131]LogModuleManager: Shutting down and abandoning module WindowsMoviePlayer (73)
[2015.04.20-12.21.50:541][131]LogModuleManager: Shutting down and abandoning module Media (72)
[2015.04.20-12.21.50:541][131]LogModuleManager: Shutting down and abandoning module WmfMedia (71)
[2015.04.20-12.21.50:541][131]LogModuleManager: Shutting down and abandoning module OnlineBlueprintSupport (70)
[2015.04.20-12.21.50:541][131]LogModuleManager: Shutting down and abandoning module PropertyEditor (69)
[2015.04.20-12.21.50:541][131]LogModuleManager: Shutting down and abandoning module BehaviorTreeEditor (68)
[2015.04.20-12.21.50:542][131]LogModuleManager: Shutting down and abandoning module FunctionalTesting (67)
[2015.04.20-12.21.50:542][131]LogModuleManager: Shutting down and abandoning module CollisionAnalyzer (66)
[2015.04.20-12.21.50:543][131]LogModuleManager: Shutting down and abandoning module WorkspaceMenuStructure (65)
[2015.04.20-12.21.50:543][131]LogModuleManager: Shutting down and abandoning module MessageLog (64)
[2015.04.20-12.21.50:543][131]LogModuleManager: Shutting down and abandoning module Sequencer (63)
[2015.04.20-12.21.50:543][131]LogModuleManager: Shutting down and abandoning module AssetTools (62)
[2015.04.20-12.21.50:544][131]LogModuleManager: Shutting down and abandoning module UMGEditor (61)
[2015.04.20-12.21.50:544][131]LogModuleManager: Shutting down and abandoning module UMG (60)
[2015.04.20-12.21.50:545][131]LogModuleManager: Shutting down and abandoning module Slate (59)
[2015.04.20-12.21.50:545][131]LogModuleManager: Shutting down and abandoning module EditorStyle (58)
[2015.04.20-12.21.50:547][131]LogModuleManager: Shutting down and abandoning module SessionServices (57)
[2015.04.20-12.21.50:547][131]LogModuleManager: Shutting down and abandoning module SourceCodeAccess (56)
[2015.04.20-12.21.50:547][131]LogModuleManager: Shutting down and abandoning module HeadMountedDisplay (55)
[2015.04.20-12.21.50:547][131]LogModuleManager: Shutting down and abandoning module XAudio2 (54)
[2015.04.20-12.21.50:547][131]LogModuleManager: Shutting down and abandoning module Networking (52)
[2015.04.20-12.21.50:547][131]LogModuleManager: Shutting down and abandoning module Core (51)
[2015.04.20-12.21.50:547][131]LogModuleManager: Shutting down and abandoning module KismetCompiler (50)
[2015.04.20-12.21.50:547][131]LogModuleManager: Shutting down and abandoning module PhysXFormats (49)
[2015.04.20-12.21.50:547][131]LogModuleManager: Shutting down and abandoning module MeshUtilities (48)
[2015.04.20-12.21.50:548][131]LogModuleManager: Shutting down and abandoning module DerivedDataCache (47)
[2015.04.20-12.21.50:621][131]LogDerivedDataCache: Shutdown
[2015.04.20-12.21.50:621][131]LogModuleManager: Shutting down and abandoning module ShaderFormatOpenGL (46)
[2015.04.20-12.21.50:621][131]LogModuleManager: Shutting down and abandoning module ShaderFormatD3D (45)
[2015.04.20-12.21.50:621][131]LogModuleManager: Shutting down and abandoning module MetalShaderFormat (44)
[2015.04.20-12.21.50:621][131]LogModuleManager: Shutting down and abandoning module TextureFormatUncompressed (43)
[2015.04.20-12.21.50:621][131]LogModuleManager: Shutting down and abandoning module TextureFormatPVR (42)
[2015.04.20-12.21.50:621][131]LogModuleManager: Shutting down and abandoning module TextureFormatDXT (41)
[2015.04.20-12.21.50:621][131]LogModuleManager: Shutting down and abandoning module TextureFormatAndroid (40)
[2015.04.20-12.21.50:621][131]LogModuleManager: Shutting down and abandoning module AudioFormatOpus (39)
[2015.04.20-12.21.50:621][131]LogModuleManager: Shutting down and abandoning module AudioFormatOgg (38)
[2015.04.20-12.21.50:621][131]LogModuleManager: Shutting down and abandoning module AudioFormatADPCM (37)
[2015.04.20-12.21.50:621][131]LogModuleManager: Shutting down and abandoning module LinuxTargetPlatform (36)
[2015.04.20-12.21.50:621][131]LogModuleManager: Shutting down and abandoning module LinuxServerTargetPlatform (35)
[2015.04.20-12.21.50:621][131]LogModuleManager: Shutting down and abandoning module LinuxNoEditorTargetPlatform (34)
[2015.04.20-12.21.50:621][131]LogModuleManager: Shutting down and abandoning module Messaging (33)
[2015.04.20-12.21.50:621][131]LogModuleManager: Shutting down and abandoning module IOSTargetPlatform (32)
[2015.04.20-12.21.50:621][131]LogModuleManager: Shutting down and abandoning module Android_PVRTCTargetPlatform (31)
[2015.04.20-12.21.50:621][131]LogModuleManager: Shutting down and abandoning module Android_ETC2TargetPlatform (30)
[2015.04.20-12.21.50:621][131]LogModuleManager: Shutting down and abandoning module Android_ETC1TargetPlatform (29)
[2015.04.20-12.21.50:621][131]LogModuleManager: Shutting down and abandoning module Android_DXTTargetPlatform (28)
[2015.04.20-12.21.50:621][131]LogModuleManager: Shutting down and abandoning module Android_ATCTargetPlatform (27)
[2015.04.20-12.21.50:621][131]LogModuleManager: Shutting down and abandoning module AndroidTargetPlatform (26)
[2015.04.20-12.21.50:621][131]LogModuleManager: Shutting down and abandoning module WindowsTargetPlatform (25)
[2015.04.20-12.21.50:621][131]LogModuleManager: Shutting down and abandoning module WindowsServerTargetPlatform (24)
[2015.04.20-12.21.50:621][131]LogModuleManager: Shutting down and abandoning module WindowsNoEditorTargetPlatform (23)
[2015.04.20-12.21.50:621][131]LogModuleManager: Shutting down and abandoning module WindowsClientTargetPlatform (22)
[2015.04.20-12.21.50:621][131]LogModuleManager: Shutting down and abandoning module TargetPlatform (21)
[2015.04.20-12.21.50:621][131]LogModuleManager: Shutting down and abandoning module InputCore (20)
[2015.04.20-12.21.50:621][131]LogModuleManager: Shutting down and abandoning module Settings (19)
[2015.04.20-12.21.50:621][131]LogModuleManager: Shutting down and abandoning module ImageWrapper (18)
[2015.04.20-12.21.50:621][131]LogModuleManager: Shutting down and abandoning module OculusRift (15)
[2015.04.20-12.21.50:621][131]LogModuleManager: Shutting down and abandoning module ExampleDeviceProfileSelector (14)
[2015.04.20-12.21.50:621][131]LogModuleManager: Shutting down and abandoning module TextureCompressor (13)
[2015.04.20-12.21.50:621][131]LogModuleManager: Shutting down and abandoning module ShaderCore (12)
[2015.04.20-12.21.50:621][131]LogModuleManager: Shutting down and abandoning module Landscape (11)
[2015.04.20-12.21.50:621][131]LogModuleManager: Shutting down and abandoning module SlateRHIRenderer (10)
[2015.04.20-12.21.50:622][131]LogModuleManager: Shutting down and abandoning module OpenGLDrv (9)
[2015.04.20-12.21.50:622][131]LogModuleManager: Shutting down and abandoning module D3D11RHI (8)
[2015.04.20-12.21.50:622][131]LogModuleManager: Shutting down and abandoning module Renderer (7)
[2015.04.20-12.21.50:622][131]LogModuleManager: Shutting down and abandoning module Engine (6)
[2015.04.20-12.21.50:622][131]LogModuleManager: Shutting down and abandoning module CoreUObject (5)
[2015.04.20-12.21.50:622][131]LogModuleManager: Shutting down and abandoning module NetworkFile (4)
[2015.04.20-12.21.50:622][131]LogModuleManager: Shutting down and abandoning module StreamingFile (3)
[2015.04.20-12.21.50:622][131]LogModuleManager: Shutting down and abandoning module SandboxFile (2)
[2015.04.20-12.21.50:622][131]LogModuleManager: Shutting down and abandoning module PakFile (1)
[2015.04.20-12.21.50:623][131]LogExit: Exiting.
[2015.04.20-12.21.50:632][131]Log file closed, 04/20/15 08:21:50
